<?xml version="1.0" encoding="UTF-8"?>
<!-- Generated by org.testng.reporters.JUnitReportReporter -->
<testsuite hostname="DESKTOP-J1C136O" failures="0" tests="1" name="test.TC000_BrokenLink" time="26.499" errors="0" timestamp="2024-06-08T18:12:31 IST" skipped="0">
  <testcase classname="test.TC000_BrokenLink" name="Linkbroken" time="26.499"/>
</testsuite> <!-- test.TC000_BrokenLink -->
