<?xml version="1.0" encoding="UTF-8"?>
<!-- Generated by org.testng.reporters.JUnitReportReporter -->
<testsuite hostname="DESKTOP-J1C136O" failures="0" tests="1" name="test.TC005_Bookingpage" time="15.423" errors="0" timestamp="2024-06-08T18:12:31 IST" skipped="0">
  <testcase classname="test.TC005_Bookingpage" name="BookingDisplay" time="15.423"/>
</testsuite> <!-- test.TC005_Bookingpage -->
